<?xml version="1.0" encoding="UTF-8"?>
<!-- Generated by org.testng.reporters.JUnitReportReporter -->
<testsuite hostname="Neha003" failures="0" tests="1" name="LoginTest" time="3.402" errors="0" timestamp="2025-07-01T17:43:16 IST" skipped="0">
  <testcase classname="LoginTest" name="performSearch" time="3.402"/>
  <system-out/>
</testsuite> <!-- LoginTest -->
