<?xml version="1.0" encoding="UTF-8"?>
<!-- Generated by org.testng.reporters.JUnitReportReporter -->
<testsuite hostname="Neha003" failures="0" tests="1" name="LoginTest" time="0.173" errors="0" timestamp="2025-06-30T16:08:41 IST" skipped="0">
  <testcase classname="LoginTest" name="performSearch" time="0.173"/>
  <system-out/>
</testsuite> <!-- LoginTest -->
